<?xml version="1.0" encoding="UTF-8"?>
<coverage generated="1702704085826" clover="3.2.0">
  <project timestamp="1702704085826" name="All files">
    <metrics statements="14" coveredstatements="5" conditionals="18" coveredconditionals="0" methods="6" coveredmethods="1" elements="38" coveredelements="6" complexity="0" loc="14" ncloc="14" packages="1" files="1" classes="1"/>
    <file name="filteringHandler.js" path="/Users/vatthana/Programming/Mission Ready/Level 5 /Missions/Mission 5 /mission-5/client/src/Utils/filteringHandler.js">
      <metrics statements="14" coveredstatements="5" conditionals="18" coveredconditionals="0" methods="6" coveredmethods="1"/>
      <line num="1" count="1" type="stmt"/>
      <line num="8" count="4" type="stmt"/>
      <line num="9" count="0" type="cond" truecount="0" falsecount="2"/>
      <line num="10" count="0" type="stmt"/>
      <line num="14" count="0" type="stmt"/>
      <line num="15" count="0" type="stmt"/>
      <line num="18" count="4" type="stmt"/>
      <line num="19" count="0" type="cond" truecount="0" falsecount="2"/>
      <line num="20" count="0" type="stmt"/>
      <line num="23" count="0" type="stmt"/>
      <line num="24" count="0" type="stmt"/>
      <line num="28" count="4" type="stmt"/>
      <line num="29" count="0" type="stmt"/>
      <line num="43" count="4" type="stmt"/>
    </file>
  </project>
</coverage>
