{"/Users/vatthana/Programming/Mission Ready/Level 5 /Missions/Mission 5 /mission-5/client/src/Utils/filteringHandler.js": {"path":"/Users/vatthana/Programming/Mission Ready/Level 5 /Missions/Mission 5 /mission-5/client/src/Utils/filteringHandler.js","statementMap":{"0":{"start":{"line":1,"column":26},"end":{"line":44,"column":1}},"1":{"start":{"line":8,"column":26},"end":{"line":17,"column":3}},"2":{"start":{"line":9,"column":4},"end":{"line":11,"column":5}},"3":{"start":{"line":10,"column":6},"end":{"line":10,"column":18}},"4":{"start":{"line":14,"column":4},"end":{"line":16,"column":6}},"5":{"start":{"line":15,"column":6},"end":{"line":15,"column":41}},"6":{"start":{"line":18,"column":23},"end":{"line":26,"column":3}},"7":{"start":{"line":19,"column":4},"end":{"line":21,"column":5}},"8":{"start":{"line":20,"column":6},"end":{"line":20,"column":18}},"9":{"start":{"line":23,"column":4},"end":{"line":25,"column":6}},"10":{"start":{"line":24,"column":6},"end":{"line":24,"column":41}},"11":{"start":{"line":28,"column":23},"end":{"line":41,"column":4}},"12":{"start":{"line":29,"column":4},"end":{"line":40,"column":6}},"13":{"start":{"line":43,"column":2},"end":{"line":43,"column":22}}},"fnMap":{"0":{"name":"(anonymous_0)","decl":{"start":{"line":1,"column":26},"end":{"line":1,"column":27}},"loc":{"start":{"line":1,"column":45},"end":{"line":44,"column":1}},"line":1},"1":{"name":"(anonymous_1)","decl":{"start":{"line":8,"column":26},"end":{"line":8,"column":27}},"loc":{"start":{"line":8,"column":66},"end":{"line":17,"column":3}},"line":8},"2":{"name":"(anonymous_2)","decl":{"start":{"line":14,"column":32},"end":{"line":14,"column":33}},"loc":{"start":{"line":15,"column":6},"end":{"line":15,"column":41}},"line":15},"3":{"name":"(anonymous_3)","decl":{"start":{"line":18,"column":23},"end":{"line":18,"column":24}},"loc":{"start":{"line":18,"column":63},"end":{"line":26,"column":3}},"line":18},"4":{"name":"(anonymous_4)","decl":{"start":{"line":23,"column":33},"end":{"line":23,"column":34}},"loc":{"start":{"line":24,"column":6},"end":{"line":24,"column":41}},"line":24},"5":{"name":"(anonymous_5)","decl":{"start":{"line":28,"column":35},"end":{"line":28,"column":36}},"loc":{"start":{"line":28,"column":49},"end":{"line":41,"column":3}},"line":28}},"branchMap":{"0":{"loc":{"start":{"line":9,"column":4},"end":{"line":11,"column":5}},"type":"if","locations":[{"start":{"line":9,"column":4},"end":{"line":11,"column":5}},{"start":{},"end":{}}],"line":9},"1":{"loc":{"start":{"line":19,"column":4},"end":{"line":21,"column":5}},"type":"if","locations":[{"start":{"line":19,"column":4},"end":{"line":21,"column":5}},{"start":{},"end":{}}],"line":19},"2":{"loc":{"start":{"line":31,"column":6},"end":{"line":39,"column":55}},"type":"binary-expr","locations":[{"start":{"line":31,"column":6},"end":{"line":31,"column":50}},{"start":{"line":32,"column":6},"end":{"line":32,"column":58}},{"start":{"line":33,"column":7},"end":{"line":33,"column":32}},{"start":{"line":33,"column":36},"end":{"line":33,"column":73}},{"start":{"line":34,"column":7},"end":{"line":34,"column":33}},{"start":{"line":34,"column":37},"end":{"line":34,"column":76}},{"start":{"line":35,"column":7},"end":{"line":35,"column":32}},{"start":{"line":35,"column":36},"end":{"line":35,"column":70}},{"start":{"line":36,"column":7},"end":{"line":36,"column":32}},{"start":{"line":36,"column":36},"end":{"line":36,"column":70}},{"start":{"line":37,"column":7},"end":{"line":37,"column":31}},{"start":{"line":37,"column":35},"end":{"line":37,"column":71}},{"start":{"line":38,"column":6},"end":{"line":38,"column":57}},{"start":{"line":39,"column":6},"end":{"line":39,"column":55}}],"line":31}},"s":{"0":1,"1":4,"2":0,"3":0,"4":0,"5":0,"6":4,"7":0,"8":0,"9":0,"10":0,"11":4,"12":0,"13":4},"f":{"0":4,"1":0,"2":0,"3":0,"4":0,"5":0},"b":{"0":[0,0],"1":[0,0],"2":[0,0,0,0,0,0,0,0,0,0,0,0,0,0]},"_coverageSchema":"1a1c01bbd47fc00a2c39e90264f33305004495a9","hash":"039f4d9b34e320115cc98e11de7941b5df8be9fd"}
}
