TN:
SF:src/Utils/filteringHandler.js
FN:1,(anonymous_0)
FN:8,(anonymous_1)
FN:14,(anonymous_2)
FN:18,(anonymous_3)
FN:23,(anonymous_4)
FN:28,(anonymous_5)
FNF:6
FNH:1
FNDA:4,(anonymous_0)
FNDA:0,(anonymous_1)
FNDA:0,(anonymous_2)
FNDA:0,(anonymous_3)
FNDA:0,(anonymous_4)
FNDA:0,(anonymous_5)
DA:1,1
DA:8,4
DA:9,0
DA:10,0
DA:14,0
DA:15,0
DA:18,4
DA:19,0
DA:20,0
DA:23,0
DA:24,0
DA:28,4
DA:29,0
DA:43,4
LF:14
LH:5
BRDA:9,0,0,0
BRDA:9,0,1,0
BRDA:19,1,0,0
BRDA:19,1,1,0
BRDA:31,2,0,0
BRDA:31,2,1,0
BRDA:31,2,2,0
BRDA:31,2,3,0
BRDA:31,2,4,0
BRDA:31,2,5,0
BRDA:31,2,6,0
BRDA:31,2,7,0
BRDA:31,2,8,0
BRDA:31,2,9,0
BRDA:31,2,10,0
BRDA:31,2,11,0
BRDA:31,2,12,0
BRDA:31,2,13,0
BRF:18
BRH:0
end_of_record
